<?xml version="1.0" encoding="UTF-8"?>
<!-- Generated by org.testng.reporters.JUnitReportReporter -->
<testsuite hostname="CDC2-D-6KYHH92" name="Jenkins.script1" tests="1" failures="0" timestamp="24 Jul 2019 11:49:28 GMT" time="137.727" errors="0">
  <testcase name="f" time="137.727" classname="Jenkins.script1"/>
</testsuite> <!-- Jenkins.script1 -->
