<?xml version="1.0" encoding="UTF-8"?>
<!-- Generated by org.testng.reporters.JUnitReportReporter -->
<testsuite hostname="CDC2-D-6KYHH92" name="Jenkins.TestScript" tests="1" failures="0" timestamp="25 Jul 2019 08:28:37 GMT" time="50.641" errors="0">
  <testcase name="f" time="50.641" classname="Jenkins.TestScript"/>
</testsuite> <!-- Jenkins.TestScript -->
